⚠ Slow filesystem detected. The benchmark took 427ms. If D:\Global Gardeners\.next/dev is a network drive, consider moving it to a local folder.
See more: https://nextjs.org/docs/app/guides/local-development
[browser] Uncaught ReferenceError: setHasSentMessage is not defined
    at onClick (file://D:/Global Gardeners/.next/dev/static/chunks/src_app_my-grow-mate_chat_page_tsx_10g767o._.js:1316:49)
    at executeDispatch (file://D:/Global Gardeners/.next/dev/static/chunks/node_modules_next_dist_compiled_react-dom_058-ah~._.js:10329:13)
    at runWithFiberInDEV (file://D:/Global Gardeners/.next/dev/static/chunks/node_modules_next_dist_compiled_react-dom_058-ah~._.js:965:74)
    at processDispatchQueue (file://D:/Global Gardeners/.next/dev/static/chunks/node_modules_next_dist_compiled_react-dom_058-ah~._.js:10355:41)
    at <unknown> (file://D:/Global Gardeners/.next/dev/static/chunks/node_modules_next_dist_compiled_react-dom_058-ah~._.js:10633:13)
    at batchedUpdates$1 (file://D:/Global Gardeners/.next/dev/static/chunks/node_modules_next_dist_compiled_react-dom_058-ah~._.js:2253:44)
    at dispatchEventForPluginEventSystem (file://D:/Global Gardeners/.next/dev/static/chunks/node_modules_next_dist_compiled_react-dom_058-ah~._.js:10431:9)
    at dispatchEvent (file://D:/Global Gardeners/.next/dev/static/chunks/node_modules_next_dist_compiled_react-dom_058-ah~._.js:13002:37)
    at dispatchDiscreteEvent (file://D:/Global Gardeners/.next/dev/static/chunks/node_modules_next_dist_compiled_react-dom_058-ah~._.js:12984:64)
    at button (<anonymous>)
    at MyGrowMateChatPageContent (file://D:/Global Gardeners/.next/dev/static/chunks/src_app_my-grow-mate_chat_page_tsx_10g767o._.js:1313:243)
    at MyGrowMateChatPage (file://D:/Global Gardeners/.next/dev/static/chunks/src_app_my-grow-mate_chat_page_tsx_10g767o._.js:1867:221)
    at ClientPageRoot (file://D:/Global Gardeners/.next/dev/static/chunks/node_modules_0yvlw.6._.js:6557:50)
[browser] Uncaught TypeError: Cannot read properties of null (reading 'title')
    at LogDetailPage (file://D:/Global Gardeners/.next/dev/static/chunks/src_app_my-grow-mate_logs_%5Bslug%5D_page_tsx_0vgrrxm._.js?id=%255Bproject%255D%252Fsrc%252Fapp%252Fmy-grow-mate%252Flogs%252F%255Bslug%255D%252Fpage.tsx+%255Bapp-client%255D+%2528ecmascript%2529:167:55)
    at Object.react_stack_bottom_frame (file://D:/Global Gardeners/.next/dev/static/chunks/node_modules_next_dist_compiled_react-dom_058-ah~._.js:15037:24)
    at renderWithHooks (file://D:/Global Gardeners/.next/dev/static/chunks/node_modules_next_dist_compiled_react-dom_058-ah~._.js:4620:24)
    at updateFunctionComponent (file://D:/Global Gardeners/.next/dev/static/chunks/node_modules_next_dist_compiled_react-dom_058-ah~._.js:6081:21)
    at beginWork (file://D:/Global Gardeners/.next/dev/static/chunks/node_modules_next_dist_compiled_react-dom_058-ah~._.js:6691:24)
    at runWithFiberInDEV (file://D:/Global Gardeners/.next/dev/static/chunks/node_modules_next_dist_compiled_react-dom_058-ah~._.js:965:74)
    at performUnitOfWork (file://D:/Global Gardeners/.next/dev/static/chunks/node_modules_next_dist_compiled_react-dom_058-ah~._.js:9555:97)
    at workLoopSync (file://D:/Global Gardeners/.next/dev/static/chunks/node_modules_next_dist_compiled_react-dom_058-ah~._.js:9449:40)
    at renderRootSync (file://D:/Global Gardeners/.next/dev/static/chunks/node_modules_next_dist_compiled_react-dom_058-ah~._.js:9433:13)
    at performWorkOnRoot (file://D:/Global Gardeners/.next/dev/static/chunks/node_modules_next_dist_compiled_react-dom_058-ah~._.js:9098:47)
    at performSyncWorkOnRoot (file://D:/Global Gardeners/.next/dev/static/chunks/node_modules_next_dist_compiled_react-dom_058-ah~._.js:10263:9)
    at flushSyncWorkAcrossRoots_impl (file://D:/Global Gardeners/.next/dev/static/chunks/node_modules_next_dist_compiled_react-dom_058-ah~._.js:10179:316)
    at flushSyncWork$1 (file://D:/Global Gardeners/.next/dev/static/chunks/node_modules_next_dist_compiled_react-dom_058-ah~._.js:9230:86)
    at Object.scheduleRefresh (file://D:/Global Gardeners/.next/dev/static/chunks/node_modules_next_dist_compiled_react-dom_058-ah~._.js:299:13)
    at <unknown> (file://D:/Global Gardeners/.next/dev/static/chunks/node_modules_next_dist_compiled_0rpq4pf._.js:391:33)
    at Set.forEach (<anonymous>)
    at Object.performReactRefresh (file://D:/Global Gardeners/.next/dev/static/chunks/node_modules_next_dist_compiled_0rpq4pf._.js:384:38)
    at applyUpdate (file://D:/Global Gardeners/.next/dev/static/chunks/node_modules_next_dist_compiled_0rpq4pf._.js:878:31)
    at <unknown> (file://D:/Global Gardeners/.next/dev/static/chunks/node_modules_next_dist_compiled_0rpq4pf._.js:886:13)
    at ClientPageRoot (file://D:/Global Gardeners/.next/dev/static/chunks/node_modules_0yvlw.6._.js:6557:50)
⚠ Fast Refresh had to perform a full reload due to a runtime error.
⨯ TypeError: Cannot read properties of null (reading 'title')
    at LogDetailPage (src\app\my-grow-mate\logs\[slug]\page.tsx:80:107)
  78 | ...
  79 | ...
> 80 | ...[1.2] tracking-[-1px] text-[#182a17]">{log.title}</h2>
     |                                               ^
  81 | ...
  82 | ...
  83 | ...stify-center rounded-full bg-[#f0fdf4] p-[6px]"> {
  digest: '41085217'
}
[browser] Uncaught TypeError: Cannot read properties of null (reading 'title')
    at LogDetailPage (file://D:/Global Gardeners/.next/dev/static/chunks/src_app_my-grow-mate_logs_%5Bslug%5D_page_tsx_0vgrrxm._.js:161:55)
    at Object.react_stack_bottom_frame (file://D:/Global Gardeners/.next/dev/static/chunks/node_modules_next_dist_compiled_react-dom_058-ah~._.js:15037:24)
    at renderWithHooks (file://D:/Global Gardeners/.next/dev/static/chunks/node_modules_next_dist_compiled_react-dom_058-ah~._.js:4620:24)
    at updateFunctionComponent (file://D:/Global Gardeners/.next/dev/static/chunks/node_modules_next_dist_compiled_react-dom_058-ah~._.js:6081:21)
    at beginWork (file://D:/Global Gardeners/.next/dev/static/chunks/node_modules_next_dist_compiled_react-dom_058-ah~._.js:6691:24)
    at runWithFiberInDEV (file://D:/Global Gardeners/.next/dev/static/chunks/node_modules_next_dist_compiled_react-dom_058-ah~._.js:965:74)
    at performUnitOfWork (file://D:/Global Gardeners/.next/dev/static/chunks/node_modules_next_dist_compiled_react-dom_058-ah~._.js:9555:97)
    at workLoopSync (file://D:/Global Gardeners/.next/dev/static/chunks/node_modules_next_dist_compiled_react-dom_058-ah~._.js:9449:40)
    at renderRootSync (file://D:/Global Gardeners/.next/dev/static/chunks/node_modules_next_dist_compiled_react-dom_058-ah~._.js:9433:13)
    at performWorkOnRoot (file://D:/Global Gardeners/.next/dev/static/chunks/node_modules_next_dist_compiled_react-dom_058-ah~._.js:9098:47)
    at performWorkOnRootViaSchedulerTask (file://D:/Global Gardeners/.next/dev/static/chunks/node_modules_next_dist_compiled_react-dom_058-ah~._.js:10255:9)
    at MessagePort.performWorkUntilDeadline (file://D:/Global Gardeners/.next/dev/static/chunks/node_modules_next_dist_compiled_0rpq4pf._.js:2647:64)
    at ClientPageRoot (file://D:/Global Gardeners/.next/dev/static/chunks/node_modules_0yvlw.6._.js:6557:50)
[browser] Uncaught TypeError: Cannot read properties of null (reading 'title')
    at LogDetailPage (file://D:/Global Gardeners/.next/dev/static/chunks/src_app_my-grow-mate_logs_%5Bslug%5D_page_tsx_0vgrrxm._.js:161:55)
    at Object.react_stack_bottom_frame (file://D:/Global Gardeners/.next/dev/static/chunks/node_modules_next_dist_compiled_react-dom_058-ah~._.js:15037:24)
    at renderWithHooks (file://D:/Global Gardeners/.next/dev/static/chunks/node_modules_next_dist_compiled_react-dom_058-ah~._.js:4620:24)
    at updateFunctionComponent (file://D:/Global Gardeners/.next/dev/static/chunks/node_modules_next_dist_compiled_react-dom_058-ah~._.js:6081:21)
    at beginWork (file://D:/Global Gardeners/.next/dev/static/chunks/node_modules_next_dist_compiled_react-dom_058-ah~._.js:6691:24)
    at runWithFiberInDEV (file://D:/Global Gardeners/.next/dev/static/chunks/node_modules_next_dist_compiled_react-dom_058-ah~._.js:965:74)
    at performUnitOfWork (file://D:/Global Gardeners/.next/dev/static/chunks/node_modules_next_dist_compiled_react-dom_058-ah~._.js:9555:97)
    at workLoopSync (file://D:/Global Gardeners/.next/dev/static/chunks/node_modules_next_dist_compiled_react-dom_058-ah~._.js:9449:40)
    at renderRootSync (file://D:/Global Gardeners/.next/dev/static/chunks/node_modules_next_dist_compiled_react-dom_058-ah~._.js:9433:13)
    at performWorkOnRoot (file://D:/Global Gardeners/.next/dev/static/chunks/node_modules_next_dist_compiled_react-dom_058-ah~._.js:9098:47)
    at performWorkOnRootViaSchedulerTask (file://D:/Global Gardeners/.next/dev/static/chunks/node_modules_next_dist_compiled_react-dom_058-ah~._.js:10255:9)
    at MessagePort.performWorkUntilDeadline (file://D:/Global Gardeners/.next/dev/static/chunks/node_modules_next_dist_compiled_0rpq4pf._.js:2647:64)
    at ClientPageRoot (file://D:/Global Gardeners/.next/dev/static/chunks/node_modules_0yvlw.6._.js:6557:50)
⚠ Fast Refresh had to perform a full reload due to a runtime error.
⨯ ReferenceError: Cannot access 'supabase' before initialization
    at POST (src\app\api\my-grow-mate\logs\route.ts:68:32)
  66 |   if (!content) return NextResponse.json({ error: "Log content is required." }, { status: ...
  67 |
> 68 |   const { data: logTypeRow } = await supabase.from("growmate_log_types").select("id").eq("...
     |                                ^
  69 |
  70 |   const supabase = createAuthedSupabaseClient(auth.accessToken);
  71 |   const { data, error } = await supabase
⨯ ReferenceError: Cannot access 'supabase' before initialization
    at POST (src\app\api\my-grow-mate\logs\route.ts:68:32)
  66 |   if (!content) return NextResponse.json({ error: "Log content is required." }, { status: ...
  67 |
> 68 |   const { data: logTypeRow } = await supabase.from("growmate_log_types").select("id").eq("...
     |                                ^
  69 |
  70 |   const supabase = createAuthedSupabaseClient(auth.accessToken);
  71 |   const { data, error } = await supabase
⨯ ReferenceError: Cannot access 'supabase' before initialization
    at POST (src\app\api\my-grow-mate\logs\route.ts:68:32)
  66 |   if (!content) return NextResponse.json({ error: "Log content is required." }, { status: ...
  67 |
> 68 |   const { data: logTypeRow } = await supabase.from("growmate_log_types").select("id").eq("...
     |                                ^
  69 |
  70 |   const supabase = createAuthedSupabaseClient(auth.accessToken);
  71 |   const { data, error } = await supabase
⨯ ReferenceError: Cannot access 'supabase' before initialization
    at POST (src\app\api\my-grow-mate\logs\route.ts:68:32)
  66 |   if (!content) return NextResponse.json({ error: "Log content is required." }, { status: ...
  67 |
> 68 |   const { data: logTypeRow } = await supabase.from("growmate_log_types").select("id").eq("...
     |                                ^
  69 |
  70 |   const supabase = createAuthedSupabaseClient(auth.accessToken);
  71 |   const { data, error } = await supabase
⚠ Fast Refresh had to perform a full reload due to a runtime error.
⨯ ReferenceError: Cannot access 'supabase' before initialization
    at POST (src\app\api\my-grow-mate\logs\route.ts:68:32)
  66 |   if (!content) return NextResponse.json({ error: "Log content is required." }, { status: ...
  67 |
> 68 |   const { data: logTypeRow } = await supabase.from("growmate_log_types").select("id").eq("...
     |                                ^
  69 |
  70 |   const supabase = createAuthedSupabaseClient(auth.accessToken);
  71 |   const { data, error } = await supabase
⨯ ReferenceError: Cannot access 'supabase' before initialization
    at POST (src\app\api\my-grow-mate\logs\route.ts:68:32)
  66 |   if (!content) return NextResponse.json({ error: "Log content is required." }, { status: ...
  67 |
> 68 |   const { data: logTypeRow } = await supabase.from("growmate_log_types").select("id").eq("...
     |                                ^
  69 |
  70 |   const supabase = createAuthedSupabaseClient(auth.accessToken);
  71 |   const { data, error } = await supabase
